log  : Restoring packages for E:\Code\Git\Forks\OData-WebApi\vNext\src\Microsoft.AspNetCore.OData\project.json...
info :   GET https://www.myget.org/F/aspnetcidev/api/v3/flatcontainer/netstandard.library/index.json
info :   GET https://api.nuget.org/v3-flatcontainer/netstandard.library/index.json
info :   GET https://www.nuget.org/api/v2/FindPackagesById()?id='NETStandard.Library'
info :   GET https://dotnet.myget.org/F/dotnet-core/api/v3/flatcontainer/netstandard.library/index.json
info :   GET https://dotnet.myget.org/F/dotnet-cli/api/v3/flatcontainer/netstandard.library/index.json
info :   GET https://www.myget.org/F/aspnetvnext/api/v3/flatcontainer/netstandard.library/index.json
info :   CACHE https://www.myget.org/F/aspnetcidev/api/v3/flatcontainer/microsoft.extensions.options/index.json
info :   GET https://api.nuget.org/v3-flatcontainer/microsoft.extensions.options/index.json
info :   GET https://www.nuget.org/api/v2/FindPackagesById()?id='Microsoft.Extensions.Options'
info :   GET https://dotnet.myget.org/F/dotnet-core/api/v3/flatcontainer/microsoft.extensions.options/index.json
info :   GET https://dotnet.myget.org/F/dotnet-cli/api/v3/flatcontainer/microsoft.extensions.options/index.json
info :   CACHE https://www.myget.org/F/aspnetvnext/api/v3/flatcontainer/microsoft.extensions.options/index.json
info :   CACHE https://www.myget.org/F/aspnetcidev/api/v3/flatcontainer/microsoft.aspnetcore.mvc.webapicompatshim/index.json
info :   GET https://api.nuget.org/v3-flatcontainer/microsoft.aspnetcore.mvc.webapicompatshim/index.json
info :   GET https://www.nuget.org/api/v2/FindPackagesById()?id='Microsoft.AspNetCore.Mvc.WebApiCompatShim'
info :   GET https://dotnet.myget.org/F/dotnet-core/api/v3/flatcontainer/microsoft.aspnetcore.mvc.webapicompatshim/index.json
info :   GET https://dotnet.myget.org/F/dotnet-cli/api/v3/flatcontainer/microsoft.aspnetcore.mvc.webapicompatshim/index.json
info :   GET https://www.myget.org/F/aspnetvnext/api/v3/flatcontainer/microsoft.aspnetcore.mvc.webapicompatshim/index.json
info :   GET https://www.myget.org/F/aspnetcidev/api/v3/flatcontainer/system.runtime/index.json
info :   GET https://api.nuget.org/v3-flatcontainer/system.runtime/index.json
info :   GET https://www.nuget.org/api/v2/FindPackagesById()?id='System.Runtime'
info :   GET https://dotnet.myget.org/F/dotnet-core/api/v3/flatcontainer/system.runtime/index.json
info :   GET https://dotnet.myget.org/F/dotnet-cli/api/v3/flatcontainer/system.runtime/index.json
info :   GET https://www.myget.org/F/aspnetvnext/api/v3/flatcontainer/system.runtime/index.json
info :   OK https://www.myget.org/F/aspnetvnext/api/v3/flatcontainer/netstandard.library/index.json 321ms
info :   OK https://www.myget.org/F/aspnetcidev/api/v3/flatcontainer/netstandard.library/index.json 439ms
info :   NotFound https://www.myget.org/F/aspnetvnext/api/v3/flatcontainer/microsoft.aspnetcore.mvc.webapicompatshim/index.json 197ms
info :   OK https://www.myget.org/F/aspnetvnext/api/v3/flatcontainer/system.runtime/index.json 189ms
info :   OK https://www.myget.org/F/aspnetcidev/api/v3/flatcontainer/system.runtime/index.json 225ms
info :   NotFound https://api.nuget.org/v3-flatcontainer/netstandard.library/index.json 627ms
info :   OK https://www.nuget.org/api/v2/FindPackagesById()?id='NETStandard.Library' 638ms
info :   NotFound https://dotnet.myget.org/F/dotnet-cli/api/v3/flatcontainer/netstandard.library/index.json 804ms
info :   NotFound https://api.nuget.org/v3-flatcontainer/microsoft.extensions.options/index.json 576ms
info :   NotFound https://api.nuget.org/v3-flatcontainer/microsoft.aspnetcore.mvc.webapicompatshim/index.json 588ms
info :   OK https://www.nuget.org/api/v2/FindPackagesById()?id='Microsoft.Extensions.Options' 600ms
info :   OK https://api.nuget.org/v3-flatcontainer/system.runtime/index.json 575ms
info :   OK https://www.nuget.org/api/v2/FindPackagesById()?id='Microsoft.AspNetCore.Mvc.WebApiCompatShim' 601ms
info :   OK https://www.nuget.org/api/v2/FindPackagesById()?id='System.Runtime' 670ms
info :   OK https://dotnet.myget.org/F/dotnet-core/api/v3/flatcontainer/netstandard.library/index.json 984ms
info :   NotFound https://dotnet.myget.org/F/dotnet-cli/api/v3/flatcontainer/microsoft.extensions.options/index.json 807ms
info :   NotFound https://dotnet.myget.org/F/dotnet-cli/api/v3/flatcontainer/microsoft.aspnetcore.mvc.webapicompatshim/index.json 820ms
info :   NotFound https://dotnet.myget.org/F/dotnet-cli/api/v3/flatcontainer/system.runtime/index.json 805ms
info :   NotFound https://dotnet.myget.org/F/dotnet-core/api/v3/flatcontainer/microsoft.aspnetcore.mvc.webapicompatshim/index.json 1062ms
info :   NotFound https://dotnet.myget.org/F/dotnet-core/api/v3/flatcontainer/microsoft.extensions.options/index.json 1145ms
info :   OK https://dotnet.myget.org/F/dotnet-core/api/v3/flatcontainer/system.runtime/index.json 1283ms
info : Committing restore...
log  : Restore completed in 4850ms.
NuGet Config files used:
    E:\Code\Git\Forks\OData-WebApi\vNext\NuGet.Config
    C:\Users\Josh Comley\AppData\Roaming\NuGet\NuGet.Config
Feeds used:
    https://www.myget.org/F/aspnetcidev/api/v3/index.json
    https://api.nuget.org/v3/index.json
    https://www.nuget.org/api/v2/
    https://www.myget.org/F/dotnet-core/api/v3/index.json
    https://www.myget.org/F/dotnet-cli/api/v3/index.json
    https://www.myget.org/F/aspnetvnext/api/v3/index.json
